# JRE version: OpenJDK Runtime Environment (8.0_191-b12) (build 1.8.0_191-8u191-b12-2ubuntu0.18.04.1-b12)
# Java VM: OpenJDK 64-Bit Server VM (25.191-b12 mixed mode linux-amd64 compressed oops)
Heap:
 PSYoungGen      total 274944K, used 240640K [0x00000000eab00000, 0x0000000100000000, 0x0000000100000000)
  eden space 240640K, 100% used [0x00000000eab00000,0x00000000f9600000,0x00000000f9600000)
  from space 34304K, 0% used [0x00000000fde80000,0x00000000fde80000,0x0000000100000000)
  to   space 54272K, 15% used [0x00000000f9600000,0x00000000f9e0dcb0,0x00000000fcb00000)
 ParOldGen       total 699392K, used 98553K [0x00000000c0000000, 0x00000000eab00000, 0x00000000eab00000)
  object space 699392K, 14% used [0x00000000c0000000,0x00000000c603e758,0x00000000eab00000)
 Metaspace       used 115173K, capacity 131492K, committed 131712K, reserved 1165312K
  class space    used 15829K, capacity 16768K, committed 16768K, reserved 1048576K
GC Heap History (10 events):
Event: 11,591 GC heap after
Heap after GC invocations=12 (full 5):
 PSYoungGen      total 305664K, used 19694K [0x00000000eab00000, 0x0000000100000000, 0x0000000100000000)
  eden space 262144K, 0% used [0x00000000eab00000,0x00000000eab00000,0x00000000fab00000)
  from space 43520K, 45% used [0x00000000fab00000,0x00000000fbe3b868,0x00000000fd580000)
  to   space 30208K, 0% used [0x00000000fe280000,0x00000000fe280000,0x0000000100000000)
 ParOldGen       total 699392K, used 40828K [0x00000000c0000000, 0x00000000eab00000, 0x00000000eab00000)
  object space 699392K, 5% used [0x00000000c0000000,0x00000000c27df3f0,0x00000000eab00000)
 Metaspace       used 70976K, capacity 81168K, committed 81280K, reserved 1120256K
  class space    used 10001K, capacity 10586K, committed 10624K, reserved 1048576K
}
Event: 13,595 GC heap before
{Heap before GC invocations=13 (full 5):
 PSYoungGen      total 305664K, used 281829K [0x00000000eab00000, 0x0000000100000000, 0x0000000100000000)
  eden space 262144K, 99% used [0x00000000eab00000,0x00000000faafdc40,0x00000000fab00000)
  from space 43520K, 45% used [0x00000000fab00000,0x00000000fbe3b868,0x00000000fd580000)
  to   space 30208K, 0% used [0x00000000fe280000,0x00000000fe280000,0x0000000100000000)
 ParOldGen       total 699392K, used 40828K [0x00000000c0000000, 0x00000000eab00000, 0x00000000eab00000)
  object space 699392K, 5% used [0x00000000c0000000,0x00000000c27df3f0,0x00000000eab00000)
 Metaspace       used 85193K, capacity 96382K, committed 96640K, reserved 1132544K
  class space    used 12222K, capacity 12867K, committed 12928K, reserved 1048576K
Event: 13,619 GC heap after
Heap after GC invocations=13 (full 5):
 PSYoungGen      total 310784K, used 29188K [0x00000000eab00000, 0x0000000100000000, 0x0000000100000000)
  eden space 280576K, 0% used [0x00000000eab00000,0x00000000eab00000,0x00000000fbd00000)
  from space 30208K, 96% used [0x00000000fe280000,0x00000000fff01110,0x0000000100000000)
  to   space 34304K, 0% used [0x00000000fbd00000,0x00000000fbd00000,0x00000000fde80000)
 ParOldGen       total 699392K, used 40901K [0x00000000c0000000, 0x00000000eab00000, 0x00000000eab00000)
  object space 699392K, 5% used [0x00000000c0000000,0x00000000c27f1400,0x00000000eab00000)
 Metaspace       used 85193K, capacity 96382K, committed 96640K, reserved 1132544K
  class space    used 12222K, capacity 12867K, committed 12928K, reserved 1048576K
}
Event: 20,293 GC heap before
{Heap before GC invocations=14 (full 5):
 PSYoungGen      total 310784K, used 309764K [0x00000000eab00000, 0x0000000100000000, 0x0000000100000000)
  eden space 280576K, 100% used [0x00000000eab00000,0x00000000fbd00000,0x00000000fbd00000)
  from space 30208K, 96% used [0x00000000fe280000,0x00000000fff01110,0x0000000100000000)
  to   space 34304K, 0% used [0x00000000fbd00000,0x00000000fbd00000,0x00000000fde80000)
 ParOldGen       total 699392K, used 40901K [0x00000000c0000000, 0x00000000eab00000, 0x00000000eab00000)
  object space 699392K, 5% used [0x00000000c0000000,0x00000000c27f1400,0x00000000eab00000)
 Metaspace       used 99085K, capacity 111830K, committed 112128K, reserved 1146880K
  class space    used 14001K, capacity 14762K, committed 14848K, reserved 1048576K
Event: 20,329 GC heap after
Heap after GC invocations=14 (full 5):
 PSYoungGen      total 314880K, used 34296K [0x00000000eab00000, 0x0000000100000000, 0x0000000100000000)
  eden space 280576K, 0% used [0x00000000eab00000,0x00000000eab00000,0x00000000fbd00000)
  from space 34304K, 99% used [0x00000000fbd00000,0x00000000fde7e378,0x00000000fde80000)
  to   space 34304K, 0% used [0x00000000fde80000,0x00000000fde80000,0x0000000100000000)
 ParOldGen       total 699392K, used 49014K [0x00000000c0000000, 0x00000000eab00000, 0x00000000eab00000)
  object space 699392K, 7% used [0x00000000c0000000,0x00000000c2fdd9d8,0x00000000eab00000)
 Metaspace       used 99085K, capacity 111830K, committed 112128K, reserved 1146880K
  class space    used 14001K, capacity 14762K, committed 14848K, reserved 1048576K
}
Event: 21,389 GC heap before
{Heap before GC invocations=15 (full 5):
 PSYoungGen      total 314880K, used 149890K [0x00000000eab00000, 0x0000000100000000, 0x0000000100000000)
  eden space 280576K, 41% used [0x00000000eab00000,0x00000000f1be26c8,0x00000000fbd00000)
  from space 34304K, 99% used [0x00000000fbd00000,0x00000000fde7e378,0x00000000fde80000)
  to   space 34304K, 0% used [0x00000000fde80000,0x00000000fde80000,0x0000000100000000)
 ParOldGen       total 699392K, used 49014K [0x00000000c0000000, 0x00000000eab00000, 0x00000000eab00000)
  object space 699392K, 7% used [0x00000000c0000000,0x00000000c2fdd9d8,0x00000000eab00000)
 Metaspace       used 103212K, capacity 116832K, committed 116908K, reserved 1150976K
  class space    used 14486K, capacity 15287K, committed 15360K, reserved 1048576K
Event: 21,451 GC heap after
Heap after GC invocations=15 (full 5):
 PSYoungGen      total 274944K, used 34274K [0x00000000eab00000, 0x0000000100000000, 0x0000000100000000)
  eden space 240640K, 0% used [0x00000000eab00000,0x00000000eab00000,0x00000000f9600000)
  from space 34304K, 99% used [0x00000000fde80000,0x00000000ffff8b10,0x0000000100000000)
  to   space 54272K, 0% used [0x00000000f9600000,0x00000000f9600000,0x00000000fcb00000)
 ParOldGen       total 699392K, used 73511K [0x00000000c0000000, 0x00000000eab00000, 0x00000000eab00000)
  object space 699392K, 10% used [0x00000000c0000000,0x00000000c47c9d18,0x00000000eab00000)
 Metaspace       used 103212K, capacity 116832K, committed 116908K, reserved 1150976K
  class space    used 14486K, capacity 15287K, committed 15360K, reserved 1048576K
}
Event: 21,451 GC heap before
{Heap before GC invocations=16 (full 6):
 PSYoungGen      total 274944K, used 34274K [0x00000000eab00000, 0x0000000100000000, 0x0000000100000000)
  eden space 240640K, 0% used [0x00000000eab00000,0x00000000eab00000,0x00000000f9600000)
  from space 34304K, 99% used [0x00000000fde80000,0x00000000ffff8b10,0x0000000100000000)
  to   space 54272K, 0% used [0x00000000f9600000,0x00000000f9600000,0x00000000fcb00000)
 ParOldGen       total 699392K, used 73511K [0x00000000c0000000, 0x00000000eab00000, 0x00000000eab00000)
  object space 699392K, 10% used [0x00000000c0000000,0x00000000c47c9d18,0x00000000eab00000)
 Metaspace       used 103212K, capacity 116832K, committed 116908K, reserved 1150976K
  class space    used 14486K, capacity 15287K, committed 15360K, reserved 1048576K
Event: 21,708 GC heap after
Heap after GC invocations=16 (full 6):
 PSYoungGen      total 274944K, used 0K [0x00000000eab00000, 0x0000000100000000, 0x0000000100000000)
  eden space 240640K, 0% used [0x00000000eab00000,0x00000000eab00000,0x00000000f9600000)
  from space 34304K, 0% used [0x00000000fde80000,0x00000000fde80000,0x0000000100000000)
  to   space 54272K, 0% used [0x00000000f9600000,0x00000000f9600000,0x00000000fcb00000)
 ParOldGen       total 699392K, used 98553K [0x00000000c0000000, 0x00000000eab00000, 0x00000000eab00000)
  object space 699392K, 14% used [0x00000000c0000000,0x00000000c603e758,0x00000000eab00000)
 Metaspace       used 103146K, capacity 116680K, committed 116908K, reserved 1150976K
  class space    used 14466K, capacity 15259K, committed 15360K, reserved 1048576K
}
Event: 30,981 GC heap before
{Heap before GC invocations=17 (full 6):
 PSYoungGen      total 274944K, used 240640K [0x00000000eab00000, 0x0000000100000000, 0x0000000100000000)
  eden space 240640K, 100% used [0x00000000eab00000,0x00000000f9600000,0x00000000f9600000)
  from space 34304K, 0% used [0x00000000fde80000,0x00000000fde80000,0x0000000100000000)
  to   space 54272K, 0% used [0x00000000f9600000,0x00000000f9600000,0x00000000fcb00000)
 ParOldGen       total 699392K, used 98553K [0x00000000c0000000, 0x00000000eab00000, 0x00000000eab00000)
  object space 699392K, 14% used [0x00000000c0000000,0x00000000c603e758,0x00000000eab00000)
 Metaspace       used 115173K, capacity 131492K, committed 131712K, reserved 1165312K
  class space    used 15829K, capacity 16768K, committed 16768K, reserved 1048576K

