# JRE version: OpenJDK Runtime Environment (8.0_151-b12) (build 1.8.0_151-8u151-b12-0ubuntu0.16.04.2-b12)
# Java VM: OpenJDK 64-Bit Server VM (25.151-b12 mixed mode linux-amd64 compressed oops)
Heap:
 PSYoungGen      total 305664K, used 233785K [0x00000000eab00000, 0x0000000100000000, 0x0000000100000000)
  eden space 262144K, 89% used [0x00000000eab00000,0x00000000f8f4e588,0x00000000fab00000)
  from space 43520K, 0% used [0x00000000fab00000,0x00000000fab00000,0x00000000fd580000)
  to   space 43520K, 0% used [0x00000000fd580000,0x00000000fd580000,0x0000000100000000)
 ParOldGen       total 699392K, used 37677K [0x00000000c0000000, 0x00000000eab00000, 0x00000000eab00000)
  object space 699392K, 5% used [0x00000000c0000000,0x00000000c24cb5a8,0x00000000eab00000)
 Metaspace       used 59165K, capacity 65920K, committed 66176K, reserved 1107968K
  class space    used 8109K, capacity 8513K, committed 8576K, reserved 1048576K
GC Heap History (10 events):
Event: 1,224 GC heap before
{Heap before GC invocations=2 (full 1):
 PSYoungGen      total 305664K, used 15040K [0x00000000eab00000, 0x0000000100000000, 0x0000000100000000)
  eden space 262144K, 0% used [0x00000000eab00000,0x00000000eab00000,0x00000000fab00000)
  from space 43520K, 34% used [0x00000000fab00000,0x00000000fb9b0128,0x00000000fd580000)
  to   space 43520K, 0% used [0x00000000fd580000,0x00000000fd580000,0x0000000100000000)
 ParOldGen       total 699392K, used 16K [0x00000000c0000000, 0x00000000eab00000, 0x00000000eab00000)
  object space 699392K, 0% used [0x00000000c0000000,0x00000000c0004000,0x00000000eab00000)
 Metaspace       used 20592K, capacity 21150K, committed 21296K, reserved 1067008K
  class space    used 2746K, capacity 2885K, committed 2944K, reserved 1048576K
Event: 1,252 GC heap after
Heap after GC invocations=2 (full 1):
 PSYoungGen      total 305664K, used 0K [0x00000000eab00000, 0x0000000100000000, 0x0000000100000000)
  eden space 262144K, 0% used [0x00000000eab00000,0x00000000eab00000,0x00000000fab00000)
  from space 43520K, 0% used [0x00000000fab00000,0x00000000fab00000,0x00000000fd580000)
  to   space 43520K, 0% used [0x00000000fd580000,0x00000000fd580000,0x0000000100000000)
 ParOldGen       total 699392K, used 14306K [0x00000000c0000000, 0x00000000eab00000, 0x00000000eab00000)
  object space 699392K, 2% used [0x00000000c0000000,0x00000000c0df8a30,0x00000000eab00000)
 Metaspace       used 20592K, capacity 21150K, committed 21296K, reserved 1067008K
  class space    used 2746K, capacity 2885K, committed 2944K, reserved 1048576K
}
Event: 2,825 GC heap before
{Heap before GC invocations=3 (full 1):
 PSYoungGen      total 305664K, used 90889K [0x00000000eab00000, 0x0000000100000000, 0x0000000100000000)
  eden space 262144K, 34% used [0x00000000eab00000,0x00000000f03c2478,0x00000000fab00000)
  from space 43520K, 0% used [0x00000000fab00000,0x00000000fab00000,0x00000000fd580000)
  to   space 43520K, 0% used [0x00000000fd580000,0x00000000fd580000,0x0000000100000000)
 ParOldGen       total 699392K, used 14306K [0x00000000c0000000, 0x00000000eab00000, 0x00000000eab00000)
  object space 699392K, 2% used [0x00000000c0000000,0x00000000c0df8a30,0x00000000eab00000)
 Metaspace       used 33791K, capacity 35423K, committed 35496K, reserved 1079296K
  class space    used 4678K, capacity 4864K, committed 4864K, reserved 1048576K
Event: 2,837 GC heap after
Heap after GC invocations=3 (full 1):
 PSYoungGen      total 305664K, used 13141K [0x00000000eab00000, 0x0000000100000000, 0x0000000100000000)
  eden space 262144K, 0% used [0x00000000eab00000,0x00000000eab00000,0x00000000fab00000)
  from space 43520K, 30% used [0x00000000fd580000,0x00000000fe255618,0x0000000100000000)
  to   space 43520K, 0% used [0x00000000fab00000,0x00000000fab00000,0x00000000fd580000)
 ParOldGen       total 699392K, used 14314K [0x00000000c0000000, 0x00000000eab00000, 0x00000000eab00000)
  object space 699392K, 2% used [0x00000000c0000000,0x00000000c0dfaa30,0x00000000eab00000)
 Metaspace       used 33791K, capacity 35423K, committed 35496K, reserved 1079296K
  class space    used 4678K, capacity 4864K, committed 4864K, reserved 1048576K
}
Event: 2,837 GC heap before
{Heap before GC invocations=4 (full 2):
 PSYoungGen      total 305664K, used 13141K [0x00000000eab00000, 0x0000000100000000, 0x0000000100000000)
  eden space 262144K, 0% used [0x00000000eab00000,0x00000000eab00000,0x00000000fab00000)
  from space 43520K, 30% used [0x00000000fd580000,0x00000000fe255618,0x0000000100000000)
  to   space 43520K, 0% used [0x00000000fab00000,0x00000000fab00000,0x00000000fd580000)
 ParOldGen       total 699392K, used 14314K [0x00000000c0000000, 0x00000000eab00000, 0x00000000eab00000)
  object space 699392K, 2% used [0x00000000c0000000,0x00000000c0dfaa30,0x00000000eab00000)
 Metaspace       used 33791K, capacity 35423K, committed 35496K, reserved 1079296K
  class space    used 4678K, capacity 4864K, committed 4864K, reserved 1048576K
Event: 2,888 GC heap after
Heap after GC invocations=4 (full 2):
 PSYoungGen      total 305664K, used 0K [0x00000000eab00000, 0x0000000100000000, 0x0000000100000000)
  eden space 262144K, 0% used [0x00000000eab00000,0x00000000eab00000,0x00000000fab00000)
  from space 43520K, 0% used [0x00000000fd580000,0x00000000fd580000,0x0000000100000000)
  to   space 43520K, 0% used [0x00000000fab00000,0x00000000fab00000,0x00000000fd580000)
 ParOldGen       total 699392K, used 18140K [0x00000000c0000000, 0x00000000eab00000, 0x00000000eab00000)
  object space 699392K, 2% used [0x00000000c0000000,0x00000000c11b7298,0x00000000eab00000)
 Metaspace       used 33791K, capacity 35423K, committed 35496K, reserved 1079296K
  class space    used 4678K, capacity 4864K, committed 4864K, reserved 1048576K
}
Event: 5,950 GC heap before
{Heap before GC invocations=5 (full 2):
 PSYoungGen      total 305664K, used 160181K [0x00000000eab00000, 0x0000000100000000, 0x0000000100000000)
  eden space 262144K, 61% used [0x00000000eab00000,0x00000000f476d788,0x00000000fab00000)
  from space 43520K, 0% used [0x00000000fd580000,0x00000000fd580000,0x0000000100000000)
  to   space 43520K, 0% used [0x00000000fab00000,0x00000000fab00000,0x00000000fd580000)
 ParOldGen       total 699392K, used 18140K [0x00000000c0000000, 0x00000000eab00000, 0x00000000eab00000)
  object space 699392K, 2% used [0x00000000c0000000,0x00000000c11b7298,0x00000000eab00000)
 Metaspace       used 53838K, capacity 59082K, committed 59160K, reserved 1101824K
  class space    used 7234K, capacity 7552K, committed 7552K, reserved 1048576K
Event: 5,985 GC heap after
Heap after GC invocations=5 (full 2):
 PSYoungGen      total 305664K, used 28223K [0x00000000eab00000, 0x0000000100000000, 0x0000000100000000)
  eden space 262144K, 0% used [0x00000000eab00000,0x00000000eab00000,0x00000000fab00000)
  from space 43520K, 64% used [0x00000000fab00000,0x00000000fc68ff90,0x00000000fd580000)
  to   space 43520K, 0% used [0x00000000fd580000,0x00000000fd580000,0x0000000100000000)
 ParOldGen       total 699392K, used 18148K [0x00000000c0000000, 0x00000000eab00000, 0x00000000eab00000)
  object space 699392K, 2% used [0x00000000c0000000,0x00000000c11b9298,0x00000000eab00000)
 Metaspace       used 53838K, capacity 59082K, committed 59160K, reserved 1101824K
  class space    used 7234K, capacity 7552K, committed 7552K, reserved 1048576K
}
Event: 5,985 GC heap before
{Heap before GC invocations=6 (full 3):
 PSYoungGen      total 305664K, used 28223K [0x00000000eab00000, 0x0000000100000000, 0x0000000100000000)
  eden space 262144K, 0% used [0x00000000eab00000,0x00000000eab00000,0x00000000fab00000)
  from space 43520K, 64% used [0x00000000fab00000,0x00000000fc68ff90,0x00000000fd580000)
  to   space 43520K, 0% used [0x00000000fd580000,0x00000000fd580000,0x0000000100000000)
 ParOldGen       total 699392K, used 18148K [0x00000000c0000000, 0x00000000eab00000, 0x00000000eab00000)
  object space 699392K, 2% used [0x00000000c0000000,0x00000000c11b9298,0x00000000eab00000)
 Metaspace       used 53838K, capacity 59082K, committed 59160K, reserved 1101824K
  class space    used 7234K, capacity 7552K, committed 7552K, reserved 1048576K
Event: 6,284 GC heap after
Heap after GC invocations=6 (full 3):
 PSYoungGen      total 305664K, used 0K [0x00000000eab00000, 0x0000000100000000, 0x0000000100000000)
  eden space 262144K, 0% used [0x00000000eab00000,0x00000000eab00000,0x00000000fab00000)
  from space 43520K, 0% used [0x00000000fab00000,0x00000000fab00000,0x00000000fd580000)
  to   space 43520K, 0% used [0x00000000fd580000,0x00000000fd580000,0x0000000100000000)
 ParOldGen       total 699392K, used 37677K [0x00000000c0000000, 0x00000000eab00000, 0x00000000eab00000)
  object space 699392K, 5% used [0x00000000c0000000,0x00000000c24cb5a8,0x00000000eab00000)
 Metaspace       used 53836K, capacity 59076K, committed 59160K, reserved 1101824K
  class space    used 7233K, capacity 7550K, committed 7552K, reserved 1048576K
}

