# JRE version: OpenJDK Runtime Environment (8.0_151-b12) (build 1.8.0_151-8u151-b12-0ubuntu0.16.04.2-b12)
# Java VM: OpenJDK 64-Bit Server VM (25.151-b12 mixed mode linux-amd64 compressed oops)
Heap:
 PSYoungGen      total 254976K, used 44983K [0x00000000eab00000, 0x0000000100000000, 0x0000000100000000)
  eden space 209920K, 0% used [0x00000000eab00000,0x00000000eab00000,0x00000000f7800000)
  from space 45056K, 99% used [0x00000000f7800000,0x00000000fa3ede38,0x00000000fa400000)
  to   space 70656K, 0% used [0x00000000fbb00000,0x00000000fbb00000,0x0000000100000000)
 ParOldGen       total 699392K, used 93153K [0x00000000c0000000, 0x00000000eab00000, 0x00000000eab00000)
  object space 699392K, 13% used [0x00000000c0000000,0x00000000c5af8438,0x00000000eab00000)
 Metaspace       used 143913K, capacity 163417K, committed 163584K, reserved 1191936K
  class space    used 18967K, capacity 20149K, committed 20224K, reserved 1048576K
GC Heap History (10 events):
Event: 36,098 GC heap after
Heap after GC invocations=17 (full 6):
 PSYoungGen      total 294400K, used 51453K [0x00000000eab00000, 0x0000000100000000, 0x0000000100000000)
  eden space 242688K, 0% used [0x00000000eab00000,0x00000000eab00000,0x00000000f9800000)
  from space 51712K, 99% used [0x00000000f9800000,0x00000000fca3f560,0x00000000fca80000)
  to   space 54784K, 0% used [0x00000000fca80000,0x00000000fca80000,0x0000000100000000)
 ParOldGen       total 699392K, used 93121K [0x00000000c0000000, 0x00000000eab00000, 0x00000000eab00000)
  object space 699392K, 13% used [0x00000000c0000000,0x00000000c5af0438,0x00000000eab00000)
 Metaspace       used 119082K, capacity 135755K, committed 135808K, reserved 1167360K
  class space    used 16000K, capacity 16975K, committed 17024K, reserved 1048576K
}
Event: 38,460 GC heap before
{Heap before GC invocations=18 (full 6):
 PSYoungGen      total 294400K, used 294141K [0x00000000eab00000, 0x0000000100000000, 0x0000000100000000)
  eden space 242688K, 100% used [0x00000000eab00000,0x00000000f9800000,0x00000000f9800000)
  from space 51712K, 99% used [0x00000000f9800000,0x00000000fca3f560,0x00000000fca80000)
  to   space 54784K, 0% used [0x00000000fca80000,0x00000000fca80000,0x0000000100000000)
 ParOldGen       total 699392K, used 93121K [0x00000000c0000000, 0x00000000eab00000, 0x00000000eab00000)
  object space 699392K, 13% used [0x00000000c0000000,0x00000000c5af0438,0x00000000eab00000)
 Metaspace       used 123847K, capacity 141361K, committed 141696K, reserved 1173504K
  class space    used 16709K, capacity 17719K, committed 17792K, reserved 1048576K
Event: 38,504 GC heap after
Heap after GC invocations=18 (full 6):
 PSYoungGen      total 289280K, used 26306K [0x00000000eab00000, 0x0000000100000000, 0x0000000100000000)
  eden space 234496K, 0% used [0x00000000eab00000,0x00000000eab00000,0x00000000f9000000)
  from space 54784K, 48% used [0x00000000fca80000,0x00000000fe430b10,0x0000000100000000)
  to   space 57344K, 0% used [0x00000000f9000000,0x00000000f9000000,0x00000000fc800000)
 ParOldGen       total 699392K, used 93129K [0x00000000c0000000, 0x00000000eab00000, 0x00000000eab00000)
  object space 699392K, 13% used [0x00000000c0000000,0x00000000c5af2438,0x00000000eab00000)
 Metaspace       used 123847K, capacity 141361K, committed 141696K, reserved 1173504K
  class space    used 16709K, capacity 17719K, committed 17792K, reserved 1048576K
}
Event: 579,822 GC heap before
{Heap before GC invocations=19 (full 6):
 PSYoungGen      total 289280K, used 260802K [0x00000000eab00000, 0x0000000100000000, 0x0000000100000000)
  eden space 234496K, 100% used [0x00000000eab00000,0x00000000f9000000,0x00000000f9000000)
  from space 54784K, 48% used [0x00000000fca80000,0x00000000fe430b10,0x0000000100000000)
  to   space 57344K, 0% used [0x00000000f9000000,0x00000000f9000000,0x00000000fc800000)
 ParOldGen       total 699392K, used 93129K [0x00000000c0000000, 0x00000000eab00000, 0x00000000eab00000)
  object space 699392K, 13% used [0x00000000c0000000,0x00000000c5af2438,0x00000000eab00000)
 Metaspace       used 142876K, capacity 162251K, committed 162432K, reserved 1191936K
  class space    used 18901K, capacity 20043K, committed 20096K, reserved 1048576K
Event: 579,852 GC heap after
Heap after GC invocations=19 (full 6):
 PSYoungGen      total 282624K, used 47994K [0x00000000eab00000, 0x0000000100000000, 0x0000000100000000)
  eden space 234496K, 0% used [0x00000000eab00000,0x00000000eab00000,0x00000000f9000000)
  from space 48128K, 99% used [0x00000000f9000000,0x00000000fbede8f8,0x00000000fbf00000)
  to   space 61952K, 0% used [0x00000000fc380000,0x00000000fc380000,0x0000000100000000)
 ParOldGen       total 699392K, used 93137K [0x00000000c0000000, 0x00000000eab00000, 0x00000000eab00000)
  object space 699392K, 13% used [0x00000000c0000000,0x00000000c5af4438,0x00000000eab00000)
 Metaspace       used 142876K, capacity 162251K, committed 162432K, reserved 1191936K
  class space    used 18901K, capacity 20043K, committed 20096K, reserved 1048576K
}
Event: 918,750 GC heap before
{Heap before GC invocations=20 (full 6):
 PSYoungGen      total 282624K, used 282490K [0x00000000eab00000, 0x0000000100000000, 0x0000000100000000)
  eden space 234496K, 100% used [0x00000000eab00000,0x00000000f9000000,0x00000000f9000000)
  from space 48128K, 99% used [0x00000000f9000000,0x00000000fbede8f8,0x00000000fbf00000)
  to   space 61952K, 0% used [0x00000000fc380000,0x00000000fc380000,0x0000000100000000)
 ParOldGen       total 699392K, used 93137K [0x00000000c0000000, 0x00000000eab00000, 0x00000000eab00000)
  object space 699392K, 13% used [0x00000000c0000000,0x00000000c5af4438,0x00000000eab00000)
 Metaspace       used 143551K, capacity 163097K, committed 163328K, reserved 1191936K
  class space    used 18967K, capacity 20149K, committed 20224K, reserved 1048576K
Event: 918,808 GC heap after
Heap after GC invocations=20 (full 6):
 PSYoungGen      total 271872K, used 57587K [0x00000000eab00000, 0x0000000100000000, 0x0000000100000000)
  eden space 209920K, 0% used [0x00000000eab00000,0x00000000eab00000,0x00000000f7800000)
  from space 61952K, 92% used [0x00000000fc380000,0x00000000ffbbce88,0x0000000100000000)
  to   space 69632K, 0% used [0x00000000f7800000,0x00000000f7800000,0x00000000fbc00000)
 ParOldGen       total 699392K, used 93145K [0x00000000c0000000, 0x00000000eab00000, 0x00000000eab00000)
  object space 699392K, 13% used [0x00000000c0000000,0x00000000c5af6438,0x00000000eab00000)
 Metaspace       used 143551K, capacity 163097K, committed 163328K, reserved 1191936K
  class space    used 18967K, capacity 20149K, committed 20224K, reserved 1048576K
}
Event: 919,562 GC heap before
{Heap before GC invocations=21 (full 6):
 PSYoungGen      total 271872K, used 104968K [0x00000000eab00000, 0x0000000100000000, 0x0000000100000000)
  eden space 209920K, 22% used [0x00000000eab00000,0x00000000ed945318,0x00000000f7800000)
  from space 61952K, 92% used [0x00000000fc380000,0x00000000ffbbce88,0x0000000100000000)
  to   space 69632K, 0% used [0x00000000f7800000,0x00000000f7800000,0x00000000fbc00000)
 ParOldGen       total 699392K, used 93145K [0x00000000c0000000, 0x00000000eab00000, 0x00000000eab00000)
  object space 699392K, 13% used [0x00000000c0000000,0x00000000c5af6438,0x00000000eab00000)
 Metaspace       used 143913K, capacity 163417K, committed 163584K, reserved 1191936K
  class space    used 18967K, capacity 20149K, committed 20224K, reserved 1048576K
Event: 919,595 GC heap after
Heap after GC invocations=21 (full 6):
 PSYoungGen      total 254976K, used 44983K [0x00000000eab00000, 0x0000000100000000, 0x0000000100000000)
  eden space 209920K, 0% used [0x00000000eab00000,0x00000000eab00000,0x00000000f7800000)
  from space 45056K, 99% used [0x00000000f7800000,0x00000000fa3ede38,0x00000000fa400000)
  to   space 70656K, 0% used [0x00000000fbb00000,0x00000000fbb00000,0x0000000100000000)
 ParOldGen       total 699392K, used 93153K [0x00000000c0000000, 0x00000000eab00000, 0x00000000eab00000)
  object space 699392K, 13% used [0x00000000c0000000,0x00000000c5af8438,0x00000000eab00000)
 Metaspace       used 143913K, capacity 163417K, committed 163584K, reserved 1191936K
  class space    used 18967K, capacity 20149K, committed 20224K, reserved 1048576K
}
Event: 919,595 GC heap before
{Heap before GC invocations=22 (full 7):
 PSYoungGen      total 254976K, used 44983K [0x00000000eab00000, 0x0000000100000000, 0x0000000100000000)
  eden space 209920K, 0% used [0x00000000eab00000,0x00000000eab00000,0x00000000f7800000)
  from space 45056K, 99% used [0x00000000f7800000,0x00000000fa3ede38,0x00000000fa400000)
  to   space 70656K, 0% used [0x00000000fbb00000,0x00000000fbb00000,0x0000000100000000)
 ParOldGen       total 699392K, used 93153K [0x00000000c0000000, 0x00000000eab00000, 0x00000000eab00000)
  object space 699392K, 13% used [0x00000000c0000000,0x00000000c5af8438,0x00000000eab00000)
 Metaspace       used 143913K, capacity 163417K, committed 163584K, reserved 1191936K
  class space    used 18967K, capacity 20149K, committed 20224K, reserved 1048576K

