# JRE version: OpenJDK Runtime Environment (8.0_151-b12) (build 1.8.0_151-8u151-b12-0ubuntu0.16.04.2-b12)
# Java VM: OpenJDK 64-Bit Server VM (25.151-b12 mixed mode linux-amd64 compressed oops)
Heap:
 PSYoungGen      total 291840K, used 35349K [0x00000000eab00000, 0x0000000100000000, 0x0000000100000000)
  eden space 254976K, 0% used [0x00000000eab00000,0x00000000eab00000,0x00000000fa400000)
  from space 36864K, 95% used [0x00000000fdc00000,0x00000000ffe85790,0x0000000100000000)
  to   space 47104K, 0% used [0x00000000fa400000,0x00000000fa400000,0x00000000fd200000)
 ParOldGen       total 699392K, used 45253K [0x00000000c0000000, 0x00000000eab00000, 0x00000000eab00000)
  object space 699392K, 6% used [0x00000000c0000000,0x00000000c2c314a8,0x00000000eab00000)
 Metaspace       used 104375K, capacity 117484K, committed 117548K, reserved 1150976K
  class space    used 14309K, capacity 15132K, committed 15148K, reserved 1048576K
GC Heap History (10 events):
Event: 9,406 GC heap after
Heap after GC invocations=11 (full 5):
 PSYoungGen      total 305664K, used 0K [0x00000000eab00000, 0x0000000100000000, 0x0000000100000000)
  eden space 262144K, 0% used [0x00000000eab00000,0x00000000eab00000,0x00000000fab00000)
  from space 43520K, 0% used [0x00000000fd580000,0x00000000fd580000,0x0000000100000000)
  to   space 43520K, 0% used [0x00000000fab00000,0x00000000fab00000,0x00000000fd580000)
 ParOldGen       total 699392K, used 41221K [0x00000000c0000000, 0x00000000eab00000, 0x00000000eab00000)
  object space 699392K, 5% used [0x00000000c0000000,0x00000000c28414c8,0x00000000eab00000)
 Metaspace       used 62998K, capacity 70226K, committed 70528K, reserved 1110016K
  class space    used 8602K, capacity 9055K, committed 9088K, reserved 1048576K
}
Event: 11,166 GC heap before
{Heap before GC invocations=12 (full 5):
 PSYoungGen      total 305664K, used 262144K [0x00000000eab00000, 0x0000000100000000, 0x0000000100000000)
  eden space 262144K, 100% used [0x00000000eab00000,0x00000000fab00000,0x00000000fab00000)
  from space 43520K, 0% used [0x00000000fd580000,0x00000000fd580000,0x0000000100000000)
  to   space 43520K, 0% used [0x00000000fab00000,0x00000000fab00000,0x00000000fd580000)
 ParOldGen       total 699392K, used 41221K [0x00000000c0000000, 0x00000000eab00000, 0x00000000eab00000)
  object space 699392K, 5% used [0x00000000c0000000,0x00000000c28414c8,0x00000000eab00000)
 Metaspace       used 71355K, capacity 81526K, committed 81792K, reserved 1120256K
  class space    used 9873K, capacity 10501K, committed 10624K, reserved 1048576K
Event: 11,190 GC heap after
Heap after GC invocations=12 (full 5):
 PSYoungGen      total 305664K, used 23890K [0x00000000eab00000, 0x0000000100000000, 0x0000000100000000)
  eden space 262144K, 0% used [0x00000000eab00000,0x00000000eab00000,0x00000000fab00000)
  from space 43520K, 54% used [0x00000000fab00000,0x00000000fc254a88,0x00000000fd580000)
  to   space 31744K, 0% used [0x00000000fe100000,0x00000000fe100000,0x0000000100000000)
 ParOldGen       total 699392K, used 41229K [0x00000000c0000000, 0x00000000eab00000, 0x00000000eab00000)
  object space 699392K, 5% used [0x00000000c0000000,0x00000000c28434c8,0x00000000eab00000)
 Metaspace       used 71355K, capacity 81526K, committed 81792K, reserved 1120256K
  class space    used 9873K, capacity 10501K, committed 10624K, reserved 1048576K
}
Event: 13,327 GC heap before
{Heap before GC invocations=13 (full 5):
 PSYoungGen      total 305664K, used 286034K [0x00000000eab00000, 0x0000000100000000, 0x0000000100000000)
  eden space 262144K, 100% used [0x00000000eab00000,0x00000000fab00000,0x00000000fab00000)
  from space 43520K, 54% used [0x00000000fab00000,0x00000000fc254a88,0x00000000fd580000)
  to   space 31744K, 0% used [0x00000000fe100000,0x00000000fe100000,0x0000000100000000)
 ParOldGen       total 699392K, used 41229K [0x00000000c0000000, 0x00000000eab00000, 0x00000000eab00000)
  object space 699392K, 5% used [0x00000000c0000000,0x00000000c28434c8,0x00000000eab00000)
 Metaspace       used 90087K, capacity 101478K, committed 101760K, reserved 1138688K
  class space    used 12660K, capacity 13400K, committed 13440K, reserved 1048576K
Event: 13,351 GC heap after
Heap after GC invocations=13 (full 5):
 PSYoungGen      total 307200K, used 31720K [0x00000000eab00000, 0x0000000100000000, 0x0000000100000000)
  eden space 275456K, 0% used [0x00000000eab00000,0x00000000eab00000,0x00000000fb800000)
  from space 31744K, 99% used [0x00000000fe100000,0x00000000ffffa088,0x0000000100000000)
  to   space 36864K, 0% used [0x00000000fb800000,0x00000000fb800000,0x00000000fdc00000)
 ParOldGen       total 699392K, used 41369K [0x00000000c0000000, 0x00000000eab00000, 0x00000000eab00000)
  object space 699392K, 5% used [0x00000000c0000000,0x00000000c28664a0,0x00000000eab00000)
 Metaspace       used 90087K, capacity 101478K, committed 101760K, reserved 1138688K
  class space    used 12660K, capacity 13400K, committed 13440K, reserved 1048576K
}
Event: 59,440 GC heap before
{Heap before GC invocations=14 (full 5):
 PSYoungGen      total 307200K, used 307176K [0x00000000eab00000, 0x0000000100000000, 0x0000000100000000)
  eden space 275456K, 100% used [0x00000000eab00000,0x00000000fb800000,0x00000000fb800000)
  from space 31744K, 99% used [0x00000000fe100000,0x00000000ffffa088,0x0000000100000000)
  to   space 36864K, 0% used [0x00000000fb800000,0x00000000fb800000,0x00000000fdc00000)
 ParOldGen       total 699392K, used 41369K [0x00000000c0000000, 0x00000000eab00000, 0x00000000eab00000)
  object space 699392K, 5% used [0x00000000c0000000,0x00000000c28664a0,0x00000000eab00000)
 Metaspace       used 101415K, capacity 114162K, committed 114304K, reserved 1148928K
  class space    used 13938K, capacity 14713K, committed 14720K, reserved 1048576K
Event: 59,470 GC heap after
Heap after GC invocations=14 (full 5):
 PSYoungGen      total 312320K, used 36841K [0x00000000eab00000, 0x0000000100000000, 0x0000000100000000)
  eden space 275456K, 0% used [0x00000000eab00000,0x00000000eab00000,0x00000000fb800000)
  from space 36864K, 99% used [0x00000000fb800000,0x00000000fdbfa7d0,0x00000000fdc00000)
  to   space 36864K, 0% used [0x00000000fdc00000,0x00000000fdc00000,0x0000000100000000)
 ParOldGen       total 699392K, used 45245K [0x00000000c0000000, 0x00000000eab00000, 0x00000000eab00000)
  object space 699392K, 6% used [0x00000000c0000000,0x00000000c2c2f4a8,0x00000000eab00000)
 Metaspace       used 101415K, capacity 114162K, committed 114304K, reserved 1148928K
  class space    used 13938K, capacity 14713K, committed 14720K, reserved 1048576K
}
Event: 60,511 GC heap before
{Heap before GC invocations=15 (full 5):
 PSYoungGen      total 312320K, used 283003K [0x00000000eab00000, 0x0000000100000000, 0x0000000100000000)
  eden space 275456K, 89% used [0x00000000eab00000,0x00000000f9b64658,0x00000000fb800000)
  from space 36864K, 99% used [0x00000000fb800000,0x00000000fdbfa7d0,0x00000000fdc00000)
  to   space 36864K, 0% used [0x00000000fdc00000,0x00000000fdc00000,0x0000000100000000)
 ParOldGen       total 699392K, used 45245K [0x00000000c0000000, 0x00000000eab00000, 0x00000000eab00000)
  object space 699392K, 6% used [0x00000000c0000000,0x00000000c2c2f4a8,0x00000000eab00000)
 Metaspace       used 104375K, capacity 117484K, committed 117548K, reserved 1150976K
  class space    used 14309K, capacity 15132K, committed 15148K, reserved 1048576K
Event: 60,539 GC heap after
Heap after GC invocations=15 (full 5):
 PSYoungGen      total 291840K, used 35349K [0x00000000eab00000, 0x0000000100000000, 0x0000000100000000)
  eden space 254976K, 0% used [0x00000000eab00000,0x00000000eab00000,0x00000000fa400000)
  from space 36864K, 95% used [0x00000000fdc00000,0x00000000ffe85790,0x0000000100000000)
  to   space 47104K, 0% used [0x00000000fa400000,0x00000000fa400000,0x00000000fd200000)
 ParOldGen       total 699392K, used 45253K [0x00000000c0000000, 0x00000000eab00000, 0x00000000eab00000)
  object space 699392K, 6% used [0x00000000c0000000,0x00000000c2c314a8,0x00000000eab00000)
 Metaspace       used 104375K, capacity 117484K, committed 117548K, reserved 1150976K
  class space    used 14309K, capacity 15132K, committed 15148K, reserved 1048576K
}
Event: 60,539 GC heap before
{Heap before GC invocations=16 (full 6):
 PSYoungGen      total 291840K, used 35349K [0x00000000eab00000, 0x0000000100000000, 0x0000000100000000)
  eden space 254976K, 0% used [0x00000000eab00000,0x00000000eab00000,0x00000000fa400000)
  from space 36864K, 95% used [0x00000000fdc00000,0x00000000ffe85790,0x0000000100000000)
  to   space 47104K, 0% used [0x00000000fa400000,0x00000000fa400000,0x00000000fd200000)
 ParOldGen       total 699392K, used 45253K [0x00000000c0000000, 0x00000000eab00000, 0x00000000eab00000)
  object space 699392K, 6% used [0x00000000c0000000,0x00000000c2c314a8,0x00000000eab00000)
 Metaspace       used 104375K, capacity 117484K, committed 117548K, reserved 1150976K
  class space    used 14309K, capacity 15132K, committed 15148K, reserved 1048576K

