# JRE version: OpenJDK Runtime Environment (8.0_151-b12) (build 1.8.0_151-8u151-b12-0ubuntu0.16.04.2-b12)
# Java VM: OpenJDK 64-Bit Server VM (25.151-b12 mixed mode linux-amd64 compressed oops)
Heap:
 PSYoungGen      total 290816K, used 35770K [0x00000000eab00000, 0x0000000100000000, 0x0000000100000000)
  eden space 253952K, 0% used [0x00000000eab00000,0x00000000eab00000,0x00000000fa300000)
  from space 36864K, 97% used [0x00000000fdc00000,0x00000000ffeeea28,0x0000000100000000)
  to   space 47616K, 0% used [0x00000000fa300000,0x00000000fa300000,0x00000000fd180000)
 ParOldGen       total 699392K, used 47955K [0x00000000c0000000, 0x00000000eab00000, 0x00000000eab00000)
  object space 699392K, 6% used [0x00000000c0000000,0x00000000c2ed4eb0,0x00000000eab00000)
 Metaspace       used 104582K, capacity 117675K, committed 117760K, reserved 1153024K
  class space    used 14347K, capacity 15195K, committed 15232K, reserved 1048576K
GC Heap History (10 events):
Event: 10,709 GC heap after
Heap after GC invocations=11 (full 5):
 PSYoungGen      total 305664K, used 0K [0x00000000eab00000, 0x0000000100000000, 0x0000000100000000)
  eden space 262144K, 0% used [0x00000000eab00000,0x00000000eab00000,0x00000000fab00000)
  from space 43520K, 0% used [0x00000000fd580000,0x00000000fd580000,0x0000000100000000)
  to   space 43520K, 0% used [0x00000000fab00000,0x00000000fab00000,0x00000000fd580000)
 ParOldGen       total 699392K, used 41219K [0x00000000c0000000, 0x00000000eab00000, 0x00000000eab00000)
  object space 699392K, 5% used [0x00000000c0000000,0x00000000c2840e00,0x00000000eab00000)
 Metaspace       used 62985K, capacity 70293K, committed 70656K, reserved 1110016K
  class space    used 8602K, capacity 9054K, committed 9216K, reserved 1048576K
}
Event: 13,098 GC heap before
{Heap before GC invocations=12 (full 5):
 PSYoungGen      total 305664K, used 262144K [0x00000000eab00000, 0x0000000100000000, 0x0000000100000000)
  eden space 262144K, 100% used [0x00000000eab00000,0x00000000fab00000,0x00000000fab00000)
  from space 43520K, 0% used [0x00000000fd580000,0x00000000fd580000,0x0000000100000000)
  to   space 43520K, 0% used [0x00000000fab00000,0x00000000fab00000,0x00000000fd580000)
 ParOldGen       total 699392K, used 41219K [0x00000000c0000000, 0x00000000eab00000, 0x00000000eab00000)
  object space 699392K, 5% used [0x00000000c0000000,0x00000000c2840e00,0x00000000eab00000)
 Metaspace       used 71328K, capacity 81525K, committed 81792K, reserved 1120256K
  class space    used 9873K, capacity 10500K, committed 10624K, reserved 1048576K
Event: 13,121 GC heap after
Heap after GC invocations=12 (full 5):
 PSYoungGen      total 305664K, used 23185K [0x00000000eab00000, 0x0000000100000000, 0x0000000100000000)
  eden space 262144K, 0% used [0x00000000eab00000,0x00000000eab00000,0x00000000fab00000)
  from space 43520K, 53% used [0x00000000fab00000,0x00000000fc1a45e8,0x00000000fd580000)
  to   space 31232K, 0% used [0x00000000fe180000,0x00000000fe180000,0x0000000100000000)
 ParOldGen       total 699392K, used 41227K [0x00000000c0000000, 0x00000000eab00000, 0x00000000eab00000)
  object space 699392K, 5% used [0x00000000c0000000,0x00000000c2842e00,0x00000000eab00000)
 Metaspace       used 71328K, capacity 81525K, committed 81792K, reserved 1120256K
  class space    used 9873K, capacity 10500K, committed 10624K, reserved 1048576K
}
Event: 15,718 GC heap before
{Heap before GC invocations=13 (full 5):
 PSYoungGen      total 305664K, used 285329K [0x00000000eab00000, 0x0000000100000000, 0x0000000100000000)
  eden space 262144K, 100% used [0x00000000eab00000,0x00000000fab00000,0x00000000fab00000)
  from space 43520K, 53% used [0x00000000fab00000,0x00000000fc1a45e8,0x00000000fd580000)
  to   space 31232K, 0% used [0x00000000fe180000,0x00000000fe180000,0x0000000100000000)
 ParOldGen       total 699392K, used 41227K [0x00000000c0000000, 0x00000000eab00000, 0x00000000eab00000)
  object space 699392K, 5% used [0x00000000c0000000,0x00000000c2842e00,0x00000000eab00000)
 Metaspace       used 90541K, capacity 101941K, committed 102016K, reserved 1138688K
  class space    used 12710K, capacity 13439K, committed 13440K, reserved 1048576K
Event: 15,754 GC heap after
Heap after GC invocations=13 (full 5):
 PSYoungGen      total 306688K, used 31213K [0x00000000eab00000, 0x0000000100000000, 0x0000000100000000)
  eden space 275456K, 0% used [0x00000000eab00000,0x00000000eab00000,0x00000000fb800000)
  from space 31232K, 99% used [0x00000000fe180000,0x00000000ffffb5b8,0x0000000100000000)
  to   space 36864K, 0% used [0x00000000fb800000,0x00000000fb800000,0x00000000fdc00000)
 ParOldGen       total 699392K, used 42696K [0x00000000c0000000, 0x00000000eab00000, 0x00000000eab00000)
  object space 699392K, 6% used [0x00000000c0000000,0x00000000c29b2228,0x00000000eab00000)
 Metaspace       used 90541K, capacity 101941K, committed 102016K, reserved 1138688K
  class space    used 12710K, capacity 13439K, committed 13440K, reserved 1048576K
}
Event: 41,977 GC heap before
{Heap before GC invocations=14 (full 5):
 PSYoungGen      total 306688K, used 306669K [0x00000000eab00000, 0x0000000100000000, 0x0000000100000000)
  eden space 275456K, 100% used [0x00000000eab00000,0x00000000fb800000,0x00000000fb800000)
  from space 31232K, 99% used [0x00000000fe180000,0x00000000ffffb5b8,0x0000000100000000)
  to   space 36864K, 0% used [0x00000000fb800000,0x00000000fb800000,0x00000000fdc00000)
 ParOldGen       total 699392K, used 42696K [0x00000000c0000000, 0x00000000eab00000, 0x00000000eab00000)
  object space 699392K, 6% used [0x00000000c0000000,0x00000000c29b2228,0x00000000eab00000)
 Metaspace       used 101331K, capacity 114027K, committed 114048K, reserved 1148928K
  class space    used 13938K, capacity 14711K, committed 14720K, reserved 1048576K
Event: 42,005 GC heap after
Heap after GC invocations=14 (full 5):
 PSYoungGen      total 312320K, used 36849K [0x00000000eab00000, 0x0000000100000000, 0x0000000100000000)
  eden space 275456K, 0% used [0x00000000eab00000,0x00000000eab00000,0x00000000fb800000)
  from space 36864K, 99% used [0x00000000fb800000,0x00000000fdbfc488,0x00000000fdc00000)
  to   space 36864K, 0% used [0x00000000fdc00000,0x00000000fdc00000,0x0000000100000000)
 ParOldGen       total 699392K, used 47947K [0x00000000c0000000, 0x00000000eab00000, 0x00000000eab00000)
  object space 699392K, 6% used [0x00000000c0000000,0x00000000c2ed2eb0,0x00000000eab00000)
 Metaspace       used 101331K, capacity 114027K, committed 114048K, reserved 1148928K
  class space    used 13938K, capacity 14711K, committed 14720K, reserved 1048576K
}
Event: 43,022 GC heap before
{Heap before GC invocations=15 (full 5):
 PSYoungGen      total 312320K, used 278427K [0x00000000eab00000, 0x0000000100000000, 0x0000000100000000)
  eden space 275456K, 87% used [0x00000000eab00000,0x00000000f96eab50,0x00000000fb800000)
  from space 36864K, 99% used [0x00000000fb800000,0x00000000fdbfc488,0x00000000fdc00000)
  to   space 36864K, 0% used [0x00000000fdc00000,0x00000000fdc00000,0x0000000100000000)
 ParOldGen       total 699392K, used 47947K [0x00000000c0000000, 0x00000000eab00000, 0x00000000eab00000)
  object space 699392K, 6% used [0x00000000c0000000,0x00000000c2ed2eb0,0x00000000eab00000)
 Metaspace       used 104582K, capacity 117675K, committed 117760K, reserved 1153024K
  class space    used 14347K, capacity 15195K, committed 15232K, reserved 1048576K
Event: 43,049 GC heap after
Heap after GC invocations=15 (full 5):
 PSYoungGen      total 290816K, used 35770K [0x00000000eab00000, 0x0000000100000000, 0x0000000100000000)
  eden space 253952K, 0% used [0x00000000eab00000,0x00000000eab00000,0x00000000fa300000)
  from space 36864K, 97% used [0x00000000fdc00000,0x00000000ffeeea28,0x0000000100000000)
  to   space 47616K, 0% used [0x00000000fa300000,0x00000000fa300000,0x00000000fd180000)
 ParOldGen       total 699392K, used 47955K [0x00000000c0000000, 0x00000000eab00000, 0x00000000eab00000)
  object space 699392K, 6% used [0x00000000c0000000,0x00000000c2ed4eb0,0x00000000eab00000)
 Metaspace       used 104582K, capacity 117675K, committed 117760K, reserved 1153024K
  class space    used 14347K, capacity 15195K, committed 15232K, reserved 1048576K
}
Event: 43,049 GC heap before
{Heap before GC invocations=16 (full 6):
 PSYoungGen      total 290816K, used 35770K [0x00000000eab00000, 0x0000000100000000, 0x0000000100000000)
  eden space 253952K, 0% used [0x00000000eab00000,0x00000000eab00000,0x00000000fa300000)
  from space 36864K, 97% used [0x00000000fdc00000,0x00000000ffeeea28,0x0000000100000000)
  to   space 47616K, 0% used [0x00000000fa300000,0x00000000fa300000,0x00000000fd180000)
 ParOldGen       total 699392K, used 47955K [0x00000000c0000000, 0x00000000eab00000, 0x00000000eab00000)
  object space 699392K, 6% used [0x00000000c0000000,0x00000000c2ed4eb0,0x00000000eab00000)
 Metaspace       used 104582K, capacity 117675K, committed 117760K, reserved 1153024K
  class space    used 14347K, capacity 15195K, committed 15232K, reserved 1048576K

