# JRE version: OpenJDK Runtime Environment (8.0_151-b12) (build 1.8.0_151-8u151-b12-0ubuntu0.16.04.2-b12)
# Java VM: OpenJDK 64-Bit Server VM (25.151-b12 mixed mode linux-amd64 compressed oops)
Heap:
 PSYoungGen      total 305664K, used 262144K [0x00000000eab00000, 0x0000000100000000, 0x0000000100000000)
  eden space 262144K, 100% used [0x00000000eab00000,0x00000000fab00000,0x00000000fab00000)
  from space 43520K, 0% used [0x00000000fab00000,0x00000000fab00000,0x00000000fd580000)
  to   space 43520K, 14% used [0x00000000fd580000,0x00000000fdb78020,0x0000000100000000)
 ParOldGen       total 699392K, used 37689K [0x00000000c0000000, 0x00000000eab00000, 0x00000000eab00000)
  object space 699392K, 5% used [0x00000000c0000000,0x00000000c24ce7b0,0x00000000eab00000)
 Metaspace       used 59173K, capacity 65876K, committed 66176K, reserved 1107968K
  class space    used 8102K, capacity 8502K, committed 8576K, reserved 1048576K
GC Heap History (10 events):
Event: 1,247 GC heap after
Heap after GC invocations=2 (full 1):
 PSYoungGen      total 305664K, used 0K [0x00000000eab00000, 0x0000000100000000, 0x0000000100000000)
  eden space 262144K, 0% used [0x00000000eab00000,0x00000000eab00000,0x00000000fab00000)
  from space 43520K, 0% used [0x00000000fab00000,0x00000000fab00000,0x00000000fd580000)
  to   space 43520K, 0% used [0x00000000fd580000,0x00000000fd580000,0x0000000100000000)
 ParOldGen       total 699392K, used 14306K [0x00000000c0000000, 0x00000000eab00000, 0x00000000eab00000)
  object space 699392K, 2% used [0x00000000c0000000,0x00000000c0df89b0,0x00000000eab00000)
 Metaspace       used 20587K, capacity 21146K, committed 21296K, reserved 1067008K
  class space    used 2746K, capacity 2885K, committed 2944K, reserved 1048576K
}
Event: 2,885 GC heap before
{Heap before GC invocations=3 (full 1):
 PSYoungGen      total 305664K, used 90889K [0x00000000eab00000, 0x0000000100000000, 0x0000000100000000)
  eden space 262144K, 34% used [0x00000000eab00000,0x00000000f03c2578,0x00000000fab00000)
  from space 43520K, 0% used [0x00000000fab00000,0x00000000fab00000,0x00000000fd580000)
  to   space 43520K, 0% used [0x00000000fd580000,0x00000000fd580000,0x0000000100000000)
 ParOldGen       total 699392K, used 14306K [0x00000000c0000000, 0x00000000eab00000, 0x00000000eab00000)
  object space 699392K, 2% used [0x00000000c0000000,0x00000000c0df89b0,0x00000000eab00000)
 Metaspace       used 33771K, capacity 35423K, committed 35496K, reserved 1079296K
  class space    used 4678K, capacity 4864K, committed 4864K, reserved 1048576K
Event: 2,896 GC heap after
Heap after GC invocations=3 (full 1):
 PSYoungGen      total 305664K, used 13176K [0x00000000eab00000, 0x0000000100000000, 0x0000000100000000)
  eden space 262144K, 0% used [0x00000000eab00000,0x00000000eab00000,0x00000000fab00000)
  from space 43520K, 30% used [0x00000000fd580000,0x00000000fe25e2a8,0x0000000100000000)
  to   space 43520K, 0% used [0x00000000fab00000,0x00000000fab00000,0x00000000fd580000)
 ParOldGen       total 699392K, used 14314K [0x00000000c0000000, 0x00000000eab00000, 0x00000000eab00000)
  object space 699392K, 2% used [0x00000000c0000000,0x00000000c0dfa9b0,0x00000000eab00000)
 Metaspace       used 33771K, capacity 35423K, committed 35496K, reserved 1079296K
  class space    used 4678K, capacity 4864K, committed 4864K, reserved 1048576K
}
Event: 2,896 GC heap before
{Heap before GC invocations=4 (full 2):
 PSYoungGen      total 305664K, used 13176K [0x00000000eab00000, 0x0000000100000000, 0x0000000100000000)
  eden space 262144K, 0% used [0x00000000eab00000,0x00000000eab00000,0x00000000fab00000)
  from space 43520K, 30% used [0x00000000fd580000,0x00000000fe25e2a8,0x0000000100000000)
  to   space 43520K, 0% used [0x00000000fab00000,0x00000000fab00000,0x00000000fd580000)
 ParOldGen       total 699392K, used 14314K [0x00000000c0000000, 0x00000000eab00000, 0x00000000eab00000)
  object space 699392K, 2% used [0x00000000c0000000,0x00000000c0dfa9b0,0x00000000eab00000)
 Metaspace       used 33771K, capacity 35423K, committed 35496K, reserved 1079296K
  class space    used 4678K, capacity 4864K, committed 4864K, reserved 1048576K
Event: 2,946 GC heap after
Heap after GC invocations=4 (full 2):
 PSYoungGen      total 305664K, used 0K [0x00000000eab00000, 0x0000000100000000, 0x0000000100000000)
  eden space 262144K, 0% used [0x00000000eab00000,0x00000000eab00000,0x00000000fab00000)
  from space 43520K, 0% used [0x00000000fd580000,0x00000000fd580000,0x0000000100000000)
  to   space 43520K, 0% used [0x00000000fab00000,0x00000000fab00000,0x00000000fd580000)
 ParOldGen       total 699392K, used 18143K [0x00000000c0000000, 0x00000000eab00000, 0x00000000eab00000)
  object space 699392K, 2% used [0x00000000c0000000,0x00000000c11b7d28,0x00000000eab00000)
 Metaspace       used 33771K, capacity 35423K, committed 35496K, reserved 1079296K
  class space    used 4678K, capacity 4864K, committed 4864K, reserved 1048576K
}
Event: 5,729 GC heap before
{Heap before GC invocations=5 (full 2):
 PSYoungGen      total 305664K, used 163190K [0x00000000eab00000, 0x0000000100000000, 0x0000000100000000)
  eden space 262144K, 62% used [0x00000000eab00000,0x00000000f4a5db98,0x00000000fab00000)
  from space 43520K, 0% used [0x00000000fd580000,0x00000000fd580000,0x0000000100000000)
  to   space 43520K, 0% used [0x00000000fab00000,0x00000000fab00000,0x00000000fd580000)
 ParOldGen       total 699392K, used 18143K [0x00000000c0000000, 0x00000000eab00000, 0x00000000eab00000)
  object space 699392K, 2% used [0x00000000c0000000,0x00000000c11b7d28,0x00000000eab00000)
 Metaspace       used 53836K, capacity 59082K, committed 59160K, reserved 1101824K
  class space    used 7234K, capacity 7552K, committed 7552K, reserved 1048576K
Event: 5,771 GC heap after
Heap after GC invocations=5 (full 2):
 PSYoungGen      total 305664K, used 28197K [0x00000000eab00000, 0x0000000100000000, 0x0000000100000000)
  eden space 262144K, 0% used [0x00000000eab00000,0x00000000eab00000,0x00000000fab00000)
  from space 43520K, 64% used [0x00000000fab00000,0x00000000fc6895e0,0x00000000fd580000)
  to   space 43520K, 0% used [0x00000000fd580000,0x00000000fd580000,0x0000000100000000)
 ParOldGen       total 699392K, used 18151K [0x00000000c0000000, 0x00000000eab00000, 0x00000000eab00000)
  object space 699392K, 2% used [0x00000000c0000000,0x00000000c11b9d28,0x00000000eab00000)
 Metaspace       used 53836K, capacity 59082K, committed 59160K, reserved 1101824K
  class space    used 7234K, capacity 7552K, committed 7552K, reserved 1048576K
}
Event: 5,771 GC heap before
{Heap before GC invocations=6 (full 3):
 PSYoungGen      total 305664K, used 28197K [0x00000000eab00000, 0x0000000100000000, 0x0000000100000000)
  eden space 262144K, 0% used [0x00000000eab00000,0x00000000eab00000,0x00000000fab00000)
  from space 43520K, 64% used [0x00000000fab00000,0x00000000fc6895e0,0x00000000fd580000)
  to   space 43520K, 0% used [0x00000000fd580000,0x00000000fd580000,0x0000000100000000)
 ParOldGen       total 699392K, used 18151K [0x00000000c0000000, 0x00000000eab00000, 0x00000000eab00000)
  object space 699392K, 2% used [0x00000000c0000000,0x00000000c11b9d28,0x00000000eab00000)
 Metaspace       used 53836K, capacity 59082K, committed 59160K, reserved 1101824K
  class space    used 7234K, capacity 7552K, committed 7552K, reserved 1048576K
Event: 6,112 GC heap after
Heap after GC invocations=6 (full 3):
 PSYoungGen      total 305664K, used 0K [0x00000000eab00000, 0x0000000100000000, 0x0000000100000000)
  eden space 262144K, 0% used [0x00000000eab00000,0x00000000eab00000,0x00000000fab00000)
  from space 43520K, 0% used [0x00000000fab00000,0x00000000fab00000,0x00000000fd580000)
  to   space 43520K, 0% used [0x00000000fd580000,0x00000000fd580000,0x0000000100000000)
 ParOldGen       total 699392K, used 37681K [0x00000000c0000000, 0x00000000eab00000, 0x00000000eab00000)
  object space 699392K, 5% used [0x00000000c0000000,0x00000000c24cc7b0,0x00000000eab00000)
 Metaspace       used 53833K, capacity 59076K, committed 59160K, reserved 1101824K
  class space    used 7233K, capacity 7550K, committed 7552K, reserved 1048576K
}
Event: 9,310 GC heap before
{Heap before GC invocations=7 (full 3):
 PSYoungGen      total 305664K, used 262144K [0x00000000eab00000, 0x0000000100000000, 0x0000000100000000)
  eden space 262144K, 100% used [0x00000000eab00000,0x00000000fab00000,0x00000000fab00000)
  from space 43520K, 0% used [0x00000000fab00000,0x00000000fab00000,0x00000000fd580000)
  to   space 43520K, 0% used [0x00000000fd580000,0x00000000fd580000,0x0000000100000000)
 ParOldGen       total 699392K, used 37681K [0x00000000c0000000, 0x00000000eab00000, 0x00000000eab00000)
  object space 699392K, 5% used [0x00000000c0000000,0x00000000c24cc7b0,0x00000000eab00000)
 Metaspace       used 59173K, capacity 65876K, committed 66176K, reserved 1107968K
  class space    used 8102K, capacity 8502K, committed 8576K, reserved 1048576K

